TN:
SF:src/ejercicio-practica/cliente/EventEmitterClient.ts
FN:19,(anonymous_0)
FN:23,(anonymous_1)
FN:27,(anonymous_2)
FNF:3
FNH:3
FNDA:1,(anonymous_0)
FNDA:3,(anonymous_1)
FNDA:1,(anonymous_2)
DA:1,1
DA:10,1
DA:20,1
DA:22,1
DA:23,1
DA:24,3
DA:27,1
DA:28,1
LF:8
LH:8
BRF:0
BRH:0
end_of_record
TN:
SF:src/ejercicio-practica/servidor/EventEmitterServer.ts
FN:22,(anonymous_0)
FN:26,(anonymous_1)
FNF:2
FNH:2
FNDA:1,(anonymous_0)
FNDA:5,(anonymous_1)
DA:1,1
DA:11,1
DA:23,1
DA:25,1
DA:26,1
DA:27,5
DA:29,5
DA:31,5
DA:32,1
DA:33,1
DA:34,1
DA:35,1
LF:12
LH:12
BRF:0
BRH:0
end_of_record
